Change Component Footprint: Designator=D1 Old Footprint=FP-1N4007-MFG New Footprint=FP-1N4007_SMD-IPC_C
Change Component Footprint: Designator=D2 Old Footprint=FP-1N4007-MFG New Footprint=FP-1N4007_SMD-IPC_C
Change Component Footprint: Designator=D3 Old Footprint=FP-1N4007-MFG New Footprint=FP-1N4007_SMD-IPC_C
Change Component Footprint: Designator=D4 Old Footprint=FP-1N4007-MFG New Footprint=FP-1N4007_SMD-IPC_C
Change Component Footprint: Designator=D5 Old Footprint=FP-1N4007-MFG New Footprint=FP-1N4007_SMD-IPC_C
Change Component Footprint: Designator=D6 Old Footprint=FP-1N4007-MFG New Footprint=FP-1N4007_SMD-IPC_C
Change Component Comment : Designator=D1 Old Comment=1N4007 New Comment=1N4007 SMD
Change Component Comment : Designator=D2 Old Comment=1N4007 New Comment=1N4007 SMD
Change Component Comment : Designator=D3 Old Comment=1N4007 New Comment=1N4007 SMD
Change Component Comment : Designator=D4 Old Comment=1N4007 New Comment=1N4007 SMD
Change Component Comment : Designator=D5 Old Comment=1N4007 New Comment=1N4007 SMD
Change Component Comment : Designator=D6 Old Comment=1N4007 New Comment=1N4007 SMD
Change Managed Component Library Link : Designator=D1 Old VaultGUID=B7D15EC3-160A-466F-A46C-7801FE6295A7 New VaultGUID=B7D15EC3-160A-466F-A46C-7801FE6295A7 Old ItemGUID=06BD05BB-166A-4793-8B13-71A5FA045F91 New ItemGUID=03748527-FA30-4DEA-B833-80DDB1EEEE2C Old RevisionGUID=6391B236-9A12-401A-B766-92285B38AC7A New RevisionGUID=E7CD61E1-E4AE-44EF-9434-BCE7D82EB09B
Change Managed Component Library Link : Designator=D2 Old VaultGUID=B7D15EC3-160A-466F-A46C-7801FE6295A7 New VaultGUID=B7D15EC3-160A-466F-A46C-7801FE6295A7 Old ItemGUID=06BD05BB-166A-4793-8B13-71A5FA045F91 New ItemGUID=03748527-FA30-4DEA-B833-80DDB1EEEE2C Old RevisionGUID=6391B236-9A12-401A-B766-92285B38AC7A New RevisionGUID=E7CD61E1-E4AE-44EF-9434-BCE7D82EB09B
Change Managed Component Library Link : Designator=D3 Old VaultGUID=B7D15EC3-160A-466F-A46C-7801FE6295A7 New VaultGUID=B7D15EC3-160A-466F-A46C-7801FE6295A7 Old ItemGUID=06BD05BB-166A-4793-8B13-71A5FA045F91 New ItemGUID=03748527-FA30-4DEA-B833-80DDB1EEEE2C Old RevisionGUID=6391B236-9A12-401A-B766-92285B38AC7A New RevisionGUID=E7CD61E1-E4AE-44EF-9434-BCE7D82EB09B
Change Managed Component Library Link : Designator=D4 Old VaultGUID=B7D15EC3-160A-466F-A46C-7801FE6295A7 New VaultGUID=B7D15EC3-160A-466F-A46C-7801FE6295A7 Old ItemGUID=06BD05BB-166A-4793-8B13-71A5FA045F91 New ItemGUID=03748527-FA30-4DEA-B833-80DDB1EEEE2C Old RevisionGUID=6391B236-9A12-401A-B766-92285B38AC7A New RevisionGUID=E7CD61E1-E4AE-44EF-9434-BCE7D82EB09B
Change Managed Component Library Link : Designator=D5 Old VaultGUID=B7D15EC3-160A-466F-A46C-7801FE6295A7 New VaultGUID=B7D15EC3-160A-466F-A46C-7801FE6295A7 Old ItemGUID=06BD05BB-166A-4793-8B13-71A5FA045F91 New ItemGUID=03748527-FA30-4DEA-B833-80DDB1EEEE2C Old RevisionGUID=6391B236-9A12-401A-B766-92285B38AC7A New RevisionGUID=E7CD61E1-E4AE-44EF-9434-BCE7D82EB09B
Change Managed Component Library Link : Designator=D6 Old VaultGUID=B7D15EC3-160A-466F-A46C-7801FE6295A7 New VaultGUID=B7D15EC3-160A-466F-A46C-7801FE6295A7 Old ItemGUID=06BD05BB-166A-4793-8B13-71A5FA045F91 New ItemGUID=03748527-FA30-4DEA-B833-80DDB1EEEE2C Old RevisionGUID=6391B236-9A12-401A-B766-92285B38AC7A New RevisionGUID=E7CD61E1-E4AE-44EF-9434-BCE7D82EB09B
Change component parameters: Designator = "D1" ("D1"); Footprint = "FP-1N4007-MFG"; UniqueID = "\CMTQBDPU" ("\CMTQBDPU")
Change component parameters: Designator = "D2" ("D2"); Footprint = "FP-1N4007-MFG"; UniqueID = "\GCCNSHHI" ("\GCCNSHHI")
Change component parameters: Designator = "D3" ("D3"); Footprint = "FP-1N4007-MFG"; UniqueID = "\OMKCVSIF" ("\OMKCVSIF")
Change component parameters: Designator = "D4" ("D4"); Footprint = "FP-1N4007-MFG"; UniqueID = "\MCNZQQIJ" ("\MCNZQQIJ")
Change component parameters: Designator = "D5" ("D5"); Footprint = "FP-1N4007-MFG"; UniqueID = "\GWUAIXSF" ("\GWUAIXSF")
Change component parameters: Designator = "D6" ("D6"); Footprint = "FP-1N4007-MFG"; UniqueID = "\YQVLMXDS" ("\YQVLMXDS")
