Added Component: Designator=D1(FP-1N4007-MFG)
Added Component: Designator=D2(FP-1N4007-MFG)
Added Component: Designator=D3(FP-1N4007-MFG)
Added Component: Designator=D4(FP-1N4007-MFG)
Added Component: Designator=D5(FP-1N4007-MFG)
Added Component: Designator=D6(FP-1N4007-MFG)
Added Component: Designator=D7(FP-DO-35-MFG)
Added Component: Designator=D8(FP-DO-35-MFG)
Added Component: Designator=D9(FP-DO-35-MFG)
Added Component: Designator=D10(FP-DO-35-MFG)
Added Component: Designator=D11(FP-DO-35-MFG)
Added Component: Designator=D12(FP-DO-35-MFG)
Added Component: Designator=K1(FP-JS1-B-5V-F-MFG)
Added Component: Designator=K2(FP-JS1-B-5V-F-MFG)
Added Component: Designator=K3(FP-JS1-B-5V-F-MFG)
Added Component: Designator=K4(FP-JS1-B-5V-F-MFG)
Added Component: Designator=K5(FP-JS1-B-5V-F-MFG)
Added Component: Designator=K6(FP-JS1-B-5V-F-MFG)
Added Component: Designator=MD1(FP-ESP32-WROOM-32D_4MB-MFG)
Added Component: Designator=P1(691311500104)
Added Component: Designator=P2(691311500104)
Added Component: Designator=P3(691311500104)
Added Component: Designator=P4(691311500104)
Added Component: Designator=P5(691311500104)
Added Component: Designator=P6(691311500104)
Added Component: Designator=P7(691311500104)
Added Component: Designator=Q1(FP-PC817X1J000F-MFG)
Added Component: Designator=Q2(FP-PC817X1J000F-MFG)
Added Component: Designator=Q3(FP-135AR-MFG)
Added Component: Designator=Q4(FP-135AR-MFG)
Added Component: Designator=Q5(FP-PC817X1J000F-MFG)
Added Component: Designator=Q6(FP-PC817X1J000F-MFG)
Added Component: Designator=Q7(FP-135AR-MFG)
Added Component: Designator=Q8(FP-135AR-MFG)
Added Component: Designator=Q9(FP-PC817X1J000F-MFG)
Added Component: Designator=Q10(FP-PC817X1J000F-MFG)
Added Component: Designator=Q11(FP-135AR-MFG)
Added Component: Designator=Q12(FP-135AR-MFG)
Added Component: Designator=Q13(FP-135AR-MFG)
Added Component: Designator=Q14(FP-PC817X1J000F-MFG)
Added Component: Designator=Q15(FP-PC817X1J000F-MFG)
Added Component: Designator=Q16(FP-PC817X1J000F-MFG)
Added Component: Designator=Q17(FP-PC817X1J000F-MFG)
Added Component: Designator=Q18(FP-PC817X1J000F-MFG)
Added Component: Designator=Q19(FP-PC817X1J000F-MFG)
Added Component: Designator=R1(FP-CF14-MFG)
Added Component: Designator=R2(FP-CF14-MFG)
Added Component: Designator=R3(FP-CF14-MFG)
Added Component: Designator=R4(FP-CF14-MFG)
Added Component: Designator=R5(FP-CF14-MFG)
Added Component: Designator=R6(FP-CF14-MFG)
Added Component: Designator=R7(FP-CF14-MFG)
Added Component: Designator=R8(FP-CF14-MFG)
Added Component: Designator=R9(FP-CF14-MFG)
Added Component: Designator=R10(FP-CF14-MFG)
Added Component: Designator=R11(FP-CF14-MFG)
Added Component: Designator=R12(FP-CF14-MFG)
Added Component: Designator=R13(FP-CF14-MFG)
Added Component: Designator=R14(FP-CF14-MFG)
Added Component: Designator=R15(FP-CF14-MFG)
Added Component: Designator=R16(FP-CF14-MFG)
Added Component: Designator=R17(FP-CF14-MFG)
Added Component: Designator=R18(FP-CF14-MFG)
Added Component: Designator=R19(FP-CF14-MFG)
Added Component: Designator=R20(FP-CF14-MFG)
Added Component: Designator=R21(FP-CF14-MFG)
Added Component: Designator=R22(FP-CF14-MFG)
Added Component: Designator=R23(FP-CF14-MFG)
Added Component: Designator=R24(FP-CF14-MFG)
Added Component: Designator=R25(FP-CF14-MFG)
Added Component: Designator=R26(FP-CF14-MFG)
Added Component: Designator=R27(FP-CF14-MFG)
Added Component: Designator=R28(FP-CF14-MFG)
Added Component: Designator=R29(FP-CF14-MFG)
Added Component: Designator=R30(FP-CF14-MFG)
Added Component: Designator=R31(FP-CF14-MFG)
Added Component: Designator=R32(FP-CF14-MFG)
Added Component: Designator=R33(FP-CF14-MFG)
Added Component: Designator=U1(VISH-DIP-8_A)
Added Component: Designator=U2(VISH-DIP-8_A)
Added Component: Designator=U3(VISH-DIP-8_A)
Added Component: Designator=U4(VISH-DIP-8_A)
Added Component: Designator=U5(VISH-DIP-8_A)
Added Component: Designator=U6(VISH-DIP-8_A)
Added Component: Designator=U7(FP-AMS1117-IPC_C)
Added Net: Name=+3.3
Added Net: Name=+5
Added Net: Name=GND
Added Net: Name=NetD1_2
Added Net: Name=NetD2_2
Added Net: Name=NetD3_2
Added Net: Name=NetD4_2
Added Net: Name=NetD5_2
Added Net: Name=NetD6_2
Added Net: Name=NetD7_1
Added Net: Name=NetD8_1
Added Net: Name=NetD9_1
Added Net: Name=NetD10_1
Added Net: Name=NetD11_1
Added Net: Name=NetD12_1
Added Net: Name=NetK1_1
Added Net: Name=NetK1_3
Added Net: Name=NetK1_4
Added Net: Name=NetK2_1
Added Net: Name=NetK2_3
Added Net: Name=NetK3_1
Added Net: Name=NetK3_3
Added Net: Name=NetK3_4
Added Net: Name=NetK4_1
Added Net: Name=NetK4_3
Added Net: Name=NetK4_4
Added Net: Name=NetK5_1
Added Net: Name=NetK5_3
Added Net: Name=NetK5_4
Added Net: Name=NetK6_1
Added Net: Name=NetK6_3
Added Net: Name=NetK6_4
Added Net: Name=NetP3_2
Added Net: Name=NetP5_3
Added Net: Name=NetP5_4
Added Net: Name=NetP6_1
Added Net: Name=NetP6_2
Added Net: Name=NetP6_3
Added Net: Name=NetP6_4
Added Net: Name=NetP7_1
Added Net: Name=NetP7_2
Added Net: Name=NetP7_3
Added Net: Name=NetP7_4
Added Net: Name=NetQ1_1
Added Net: Name=NetQ1_3
Added Net: Name=NetQ2_1
Added Net: Name=NetQ2_3
Added Net: Name=NetQ3_2
Added Net: Name=NetQ4_2
Added Net: Name=NetQ5_1
Added Net: Name=NetQ5_3
Added Net: Name=NetQ6_1
Added Net: Name=NetQ6_3
Added Net: Name=NetQ7_2
Added Net: Name=NetQ8_2
Added Net: Name=NetQ9_1
Added Net: Name=NetQ9_3
Added Net: Name=NetQ10_1
Added Net: Name=NetQ10_3
Added Net: Name=NetQ11_2
Added Net: Name=NetQ12_2
Added Net: Name=NetQ13_2
Added Net: Name=NetQ14_4
Added Net: Name=NetQ15_4
Added Net: Name=NetQ16_4
Added Net: Name=NetQ17_4
Added Net: Name=NetQ18_4
Added Net: Name=NetQ19_4
Added Net: Name=NetR1_2
Added Net: Name=NetR2_2
Added Net: Name=NetR5_2
Added Net: Name=NetR6_2
Added Net: Name=NetR9_2
Added Net: Name=NetR10_2
Added Net: Name=NetR13_1
Added Net: Name=NetR13_2
Added Net: Name=NetR14_2
Added Net: Name=NetR15_1
Added Net: Name=NetR15_2
Added Net: Name=NetR16_1
Added Net: Name=NetR16_2
Added Net: Name=NetR29_1
Added Net: Name=NetR29_2
Added Net: Name=NetR30_1
Added Net: Name=NetR31_1
Added Net: Name=NetR32_1
Added Net: Name=NetR33_1
Added Net: Name=NetU2_6
Added Net: Name=NetU4_6
Added Class: Name=chip
Added Class: Name=inputs
Added Class: Name=outputs
Added Rule: Name=Schematic Supply Nets
Added Rule: Name=Schematic Supply Nets_1
Added Rule: Name=Schematic Supply Nets_2
